app/build/intermediates/manifest_merge_blame_file/debug/manifest-merger-blame-debug-report.txt
1<?xml version="1.0" encoding="utf-8"?>
2<manifest xmlns:android="http://schemas.android.com/apk/res/android"
3    package="com.yourcompany.android.lazycomposabletutorial"
4    android:versionCode="1"
5    android:versionName="1.0" >
6
7    <uses-sdk
8        android:minSdkVersion="21"
8-->src/main/AndroidManifest.xml
9        android:targetSdkVersion="31" />
9-->src/main/AndroidManifest.xml
10
11    <uses-permission android:name="android.permission.INTERNET" />
11-->src/main/AndroidManifest.xml:28:3-65
11-->src/main/AndroidManifest.xml:28:20-62
12
13    <application
13-->src/main/AndroidManifest.xml:6:3-26:17
14        android:allowBackup="false"
14-->src/main/AndroidManifest.xml:7:7-34
15        android:appComponentFactory="androidx.core.app.CoreComponentFactory"
15-->[androidx.core:core:1.7.0] AndroidManifest.xml:24:18-86
16        android:debuggable="true"
17        android:icon="@mipmap/ic_launcher"
17-->src/main/AndroidManifest.xml:8:7-41
18        android:label="@string/app_name"
18-->src/main/AndroidManifest.xml:9:7-39
19        android:roundIcon="@mipmap/ic_launcher_round"
19-->src/main/AndroidManifest.xml:10:7-52
20        android:supportsRtl="true"
20-->src/main/AndroidManifest.xml:11:7-33
21        android:testOnly="true"
22        android:theme="@style/SplashTheme" >
22-->src/main/AndroidManifest.xml:12:7-41
23
24        <!-- Main Activity -->
25        <activity
25-->src/main/AndroidManifest.xml:16:5-24:16
26            android:name="com.yourcompany.android.lazycomposabletutorial.MainActivity"
26-->src/main/AndroidManifest.xml:17:9-37
27            android:exported="true"
27-->src/main/AndroidManifest.xml:18:9-32
28            android:theme="@style/SplashTheme" >
28-->src/main/AndroidManifest.xml:19:9-43
29            <intent-filter>
29-->src/main/AndroidManifest.xml:20:7-23:23
30                <action android:name="android.intent.action.MAIN" />
30-->src/main/AndroidManifest.xml:21:9-61
30-->src/main/AndroidManifest.xml:21:17-58
31
32                <category android:name="android.intent.category.LAUNCHER" />
32-->src/main/AndroidManifest.xml:22:9-69
32-->src/main/AndroidManifest.xml:22:19-66
33            </intent-filter>
34        </activity>
35
36        <provider
36-->[androidx.emoji2:emoji2:1.0.0] AndroidManifest.xml:26:9-34:20
37            android:name="androidx.startup.InitializationProvider"
37-->[androidx.emoji2:emoji2:1.0.0] AndroidManifest.xml:27:13-67
38            android:authorities="com.yourcompany.android.lazycomposabletutorial.androidx-startup"
38-->[androidx.emoji2:emoji2:1.0.0] AndroidManifest.xml:28:13-68
39            android:exported="false" >
39-->[androidx.emoji2:emoji2:1.0.0] AndroidManifest.xml:29:13-37
40            <meta-data
40-->[androidx.emoji2:emoji2:1.0.0] AndroidManifest.xml:31:13-33:52
41                android:name="androidx.emoji2.text.EmojiCompatInitializer"
41-->[androidx.emoji2:emoji2:1.0.0] AndroidManifest.xml:32:17-75
42                android:value="androidx.startup" />
42-->[androidx.emoji2:emoji2:1.0.0] AndroidManifest.xml:33:17-49
43            <meta-data
43-->[androidx.lifecycle:lifecycle-process:2.4.0] AndroidManifest.xml:31:13-33:52
44                android:name="androidx.lifecycle.ProcessLifecycleInitializer"
44-->[androidx.lifecycle:lifecycle-process:2.4.0] AndroidManifest.xml:32:17-78
45                android:value="androidx.startup" />
45-->[androidx.lifecycle:lifecycle-process:2.4.0] AndroidManifest.xml:33:17-49
46            <meta-data
46-->[androidx.profileinstaller:profileinstaller:1.1.0] AndroidManifest.xml:31:13-33:52
47                android:name="androidx.profileinstaller.ProfileInstallerInitializer"
47-->[androidx.profileinstaller:profileinstaller:1.1.0] AndroidManifest.xml:32:17-85
48                android:value="androidx.startup" />
48-->[androidx.profileinstaller:profileinstaller:1.1.0] AndroidManifest.xml:33:17-49
49        </provider>
50
51        <receiver
51-->[androidx.profileinstaller:profileinstaller:1.1.0] AndroidManifest.xml:36:9-45:20
52            android:name="androidx.profileinstaller.ProfileInstallReceiver"
52-->[androidx.profileinstaller:profileinstaller:1.1.0] AndroidManifest.xml:37:13-76
53            android:directBootAware="false"
53-->[androidx.profileinstaller:profileinstaller:1.1.0] AndroidManifest.xml:38:13-44
54            android:enabled="true"
54-->[androidx.profileinstaller:profileinstaller:1.1.0] AndroidManifest.xml:39:13-35
55            android:exported="true"
55-->[androidx.profileinstaller:profileinstaller:1.1.0] AndroidManifest.xml:40:13-36
56            android:permission="android.permission.DUMP" >
56-->[androidx.profileinstaller:profileinstaller:1.1.0] AndroidManifest.xml:41:13-57
57            <intent-filter>
57-->[androidx.profileinstaller:profileinstaller:1.1.0] AndroidManifest.xml:42:13-44:29
58                <action android:name="androidx.profileinstaller.action.INSTALL_PROFILE" />
58-->[androidx.profileinstaller:profileinstaller:1.1.0] AndroidManifest.xml:43:17-91
58-->[androidx.profileinstaller:profileinstaller:1.1.0] AndroidManifest.xml:43:25-88
59            </intent-filter>
60        </receiver>
61    </application>
62
63</manifest>